-------------------------------------------------------------------------------
Test set: com.jun0rr.vfs.api.test.TestMongodb
-------------------------------------------------------------------------------
Tests run: 1, Failures: 0, Errors: 1, Skipped: 0, Time elapsed: 0.019 s <<< FAILURE! - in com.jun0rr.vfs.api.test.TestMongodb
test_connect  Time elapsed: 0.011 s  <<< ERROR!
java.lang.RuntimeException: Uncompilable source code - Erroneous tree type: com.mongodb.ConnectionString
	at jun0rr.vfs/com.jun0rr.vfs.api.test.TestMongodb.test_connect(TestMongodb.java:22)

