<?xml version="1.0" encoding="UTF-8"?>
<testsuite xmlns:xsi="http://www.w3.org/2001/XMLSchema-instance" xsi:noNamespaceSchemaLocation="https://maven.apache.org/surefire/maven-surefire-plugin/xsd/surefire-test-report.xsd" name="com.jun0rr.vfs.api.test.TestMongodb" time="0.019" tests="1" errors="1" skipped="0" failures="0">
  <properties>
[...]
</properties>
  <testcase name="test_connect" classname="com.jun0rr.vfs.api.test.TestMongodb" time="0.011">
    <error message="Uncompilable source code - Erroneous tree type: com.mongodb.ConnectionString" type="java.lang.RuntimeException">java.lang.RuntimeException: Uncompilable source code - Erroneous tree type: com.mongodb.ConnectionString
	at jun0rr.vfs/com.jun0rr.vfs.api.test.TestMongodb.test_connect(TestMongodb.java:22)
</error>
  </testcase>
</testsuite>